<?xml version="1.0" encoding="UTF-8"?>
<testng-results ignored="0" total="2" passed="2" failed="0" skipped="0">
  <reporter-output>
  </reporter-output>
  <suite started-at="2023-02-20T18:38:40 IST" name="com.test.project.TestHelloWorld" finished-at="2023-02-20T18:38:40 IST" duration-ms="20">
    <groups>
    </groups>
    <test started-at="2023-02-20T18:38:40 IST" name="Command line test" finished-at="2023-02-20T18:38:40 IST" duration-ms="20">
      <class name="com.test.project.TestHelloWorld">
        <test-method signature="SecondTest()[pri:0, instance:com.test.project.TestHelloWorld@5ccddd20]" started-at="2023-02-20T18:38:40 IST" name="SecondTest" finished-at="2023-02-20T18:38:40 IST" duration-ms="2" status="PASS">
          <reporter-output>
          </reporter-output>
        </test-method> <!-- SecondTest -->
        <test-method signature="testHelloWorld()[pri:0, instance:com.test.project.TestHelloWorld@5ccddd20]" started-at="2023-02-20T18:38:40 IST" name="testHelloWorld" finished-at="2023-02-20T18:38:40 IST" duration-ms="0" status="PASS">
          <reporter-output>
          </reporter-output>
        </test-method> <!-- testHelloWorld -->
      </class> <!-- com.test.project.TestHelloWorld -->
    </test> <!-- Command line test -->
  </suite> <!-- com.test.project.TestHelloWorld -->
</testng-results>
